<?xml version="1.0" encoding="UTF-8"?>
<!-- Generated by org.testng.reporters.JUnitReportReporter -->
<testsuite hostname="DESKTOP-A5MRGMC" failures="0" tests="1" name="test.testNG" time="0.013" errors="0" timestamp="2022-07-12T23:39:42 IST" skipped="0">
  <testcase classname="test.testNG" name="test" time="0.013"/>
  <system-out/>
</testsuite> <!-- test.testNG -->
